<?xml version="1.0" encoding="UTF-8"?>
<TestRun id="e563dffa-9600-4a1c-897d-57dbbafe0958" name="gpalacino@field-staywell-gpalacino-C02WG0YCHTD7 2018-08-17T18:52:13.358Z" runUser="gpalacino" xmlns="http://microsoft.com/schemas/VisualStudio/TeamTest/2010">
  <TestSettings name="Jest test run" id="f85484bd-9576-4d92-96cf-9ef9c92c137d"/>
  <Times creation="2018-08-17T18:52:13.358Z" queuing="2018-08-17T18:52:13.358Z" start="2018-08-17T18:52:13.358Z"/>
  <ResultSummary outcome="Passed">
    <Counters total="2" executed="2" passed="2" failed="0" error="0"/>
  </ResultSummary>
  <TestDefinitions>
    <UnitTest name="Create apiClient" id="f031b6e8-2b1f-4901-bd76-42c430975543">
      <Execution id="a6d90476-b5bb-4065-b3ba-df47f46b6541"/>
      <TestMethod codeBase="Jest_Create apiClient" name="Create apiClient" className="No suite"/>
    </UnitTest>
    <UnitTest name="Check apiClient config" id="219edbc5-4718-4140-b7fc-ad33ece13d61">
      <Execution id="635d9960-7577-49f2-b756-61b96ce858ed"/>
      <TestMethod codeBase="Jest_Check apiClient config" name="Check apiClient config" className="No suite"/>
    </UnitTest>
  </TestDefinitions>
  <TestLists>
    <TestList name="Results Not in a List" id="8c84fa94-04c1-424b-9868-57a2d4851a1d"/>
    <TestList name="All Loaded Results" id="19431567-8539-422a-85d7-44ee4e166bda"/>
  </TestLists>
  <TestEntries>
    <TestEntry testId="f031b6e8-2b1f-4901-bd76-42c430975543" executionId="a6d90476-b5bb-4065-b3ba-df47f46b6541" testListId="8c84fa94-04c1-424b-9868-57a2d4851a1d"/>
    <TestEntry testId="219edbc5-4718-4140-b7fc-ad33ece13d61" executionId="635d9960-7577-49f2-b756-61b96ce858ed" testListId="8c84fa94-04c1-424b-9868-57a2d4851a1d"/>
  </TestEntries>
  <Results>
    <UnitTestResult testId="f031b6e8-2b1f-4901-bd76-42c430975543" executionId="a6d90476-b5bb-4065-b3ba-df47f46b6541" testName="Create apiClient" computerName="field-staywell-gpalacino-C02WG0YCHTD7" duration="00:00:00.298" startTime="2018-08-17T18:52:13.827Z" endTime="2018-08-17T18:52:14.125Z" testType="13cdc9d9-ddb5-4fa4-a97d-d965ccfc6d4b" outcome="Passed" testListId="8c84fa94-04c1-424b-9868-57a2d4851a1d"/>
    <UnitTestResult testId="219edbc5-4718-4140-b7fc-ad33ece13d61" executionId="635d9960-7577-49f2-b756-61b96ce858ed" testName="Check apiClient config" computerName="field-staywell-gpalacino-C02WG0YCHTD7" duration="00:00:00.298" startTime="2018-08-17T18:52:14.125Z" endTime="2018-08-17T18:52:14.423Z" testType="13cdc9d9-ddb5-4fa4-a97d-d965ccfc6d4b" outcome="Passed" testListId="8c84fa94-04c1-424b-9868-57a2d4851a1d"/>
  </Results>
</TestRun>